<?xml version="1.0" encoding="UTF-8"?>
<testng-results ignored="0" total="9" passed="9" failed="0" skipped="0">
  <reporter-output>
  </reporter-output>
  <suite started-at="2020-11-03T21:15:45 GMT" name="Surefire suite" finished-at="2020-11-03T21:17:31 GMT" duration-ms="106552">
    <groups>
    </groups>
    <test started-at="2020-11-03T21:15:45 GMT" name="Surefire test" finished-at="2020-11-03T21:17:31 GMT" duration-ms="106552">
      <class name="Tests.BvtTest">
        <test-method signature="Test_ValidateMyAccountPage2()" started-at="2020-11-03T21:15:45 GMT" name="Test_ValidateMyAccountPage2" finished-at="2020-11-03T21:16:14 GMT" duration-ms="28896" status="PASS">
          <reporter-output>
          </reporter-output>
        </test-method> <!-- Test_ValidateMyAccountPage2 -->
        <test-method signature="Test_ValidateWomenTshirt2()" started-at="2020-11-03T21:15:45 GMT" name="Test_ValidateWomenTshirt2" finished-at="2020-11-03T21:15:56 GMT" duration-ms="11496" status="PASS">
          <reporter-output>
          </reporter-output>
        </test-method> <!-- Test_ValidateWomenTshirt2 -->
        <test-method signature="Test_CheckAccountButtonUserDetails2()" started-at="2020-11-03T21:15:45 GMT" name="Test_CheckAccountButtonUserDetails2" finished-at="2020-11-03T21:16:25 GMT" duration-ms="39979" status="PASS">
          <reporter-output>
          </reporter-output>
        </test-method> <!-- Test_CheckAccountButtonUserDetails2 -->
      </class> <!-- Tests.BvtTest -->
      <class name="Tests.LandingPageRegressionTest">
        <test-method signature="Test_ValidateWomenTshirt2()" started-at="2020-11-03T21:16:25 GMT" name="Test_ValidateWomenTshirt2" finished-at="2020-11-03T21:16:35 GMT" duration-ms="10644" status="PASS">
          <reporter-output>
          </reporter-output>
        </test-method> <!-- Test_ValidateWomenTshirt2 -->
        <test-method signature="Test_ValidateMyAccountPage2()" started-at="2020-11-03T21:16:25 GMT" name="Test_ValidateMyAccountPage2" finished-at="2020-11-03T21:16:46 GMT" duration-ms="21668" status="PASS">
          <reporter-output>
          </reporter-output>
        </test-method> <!-- Test_ValidateMyAccountPage2 -->
        <test-method signature="Test_CheckAccountButtonUserDetails2()" started-at="2020-11-03T21:16:25 GMT" name="Test_CheckAccountButtonUserDetails2" finished-at="2020-11-03T21:16:58 GMT" duration-ms="33635" status="PASS">
          <reporter-output>
          </reporter-output>
        </test-method> <!-- Test_CheckAccountButtonUserDetails2 -->
      </class> <!-- Tests.LandingPageRegressionTest -->
      <class name="Tests.SmokeTest">
        <test-method signature="Test_ValidateWomenTshirt()" started-at="2020-11-03T21:16:58 GMT" name="Test_ValidateWomenTshirt" finished-at="2020-11-03T21:17:31 GMT" duration-ms="32908" status="PASS">
          <reporter-output>
          </reporter-output>
        </test-method> <!-- Test_ValidateWomenTshirt -->
        <test-method signature="Test_CheckAccountButtonUserDetails()" started-at="2020-11-03T21:16:58 GMT" name="Test_CheckAccountButtonUserDetails" finished-at="2020-11-03T21:17:10 GMT" duration-ms="11282" status="PASS">
          <reporter-output>
          </reporter-output>
        </test-method> <!-- Test_CheckAccountButtonUserDetails -->
        <test-method signature="Test_ValidateMyAccountPage()" started-at="2020-11-03T21:16:58 GMT" name="Test_ValidateMyAccountPage" finished-at="2020-11-03T21:17:21 GMT" duration-ms="22459" status="PASS">
          <reporter-output>
          </reporter-output>
        </test-method> <!-- Test_ValidateMyAccountPage -->
      </class> <!-- Tests.SmokeTest -->
    </test> <!-- Surefire test -->
  </suite> <!-- Surefire suite -->
</testng-results>
