<?xml version="1.0" encoding="UTF-8"?>
<testsuite xmlns:xsi="http://www.w3.org/2001/XMLSchema-instance" xsi:noNamespaceSchemaLocation="https://maven.apache.org/surefire/maven-surefire-plugin/xsd/surefire-test-report.xsd" name="TestSuite" time="106.802" tests="9" errors="0" skipped="0" failures="0">
  <properties>
[...]
</properties>
  <testcase name="Test_ValidateWomenTshirt2 on Test_ValidateWomenTshirt2(Tests.BvtTest)" classname="Tests.BvtTest" time="11.494"/>
  <testcase name="Test_ValidateMyAccountPage2 on Test_ValidateMyAccountPage2(Tests.BvtTest)" classname="Tests.BvtTest" time="17.399"/>
  <testcase name="Test_CheckAccountButtonUserDetails2 on Test_CheckAccountButtonUserDetails2(Tests.BvtTest)" classname="Tests.BvtTest" time="11.083"/>
  <testcase name="Test_ValidateWomenTshirt2 on Test_ValidateWomenTshirt2(Tests.LandingPageRegressionTest)" classname="Tests.LandingPageRegressionTest" time="10.643"/>
  <testcase name="Test_ValidateMyAccountPage2 on Test_ValidateMyAccountPage2(Tests.LandingPageRegressionTest)" classname="Tests.LandingPageRegressionTest" time="11.023"/>
  <testcase name="Test_CheckAccountButtonUserDetails2 on Test_CheckAccountButtonUserDetails2(Tests.LandingPageRegressionTest)" classname="Tests.LandingPageRegressionTest" time="11.968"/>
  <testcase name="Test_CheckAccountButtonUserDetails on Test_CheckAccountButtonUserDetails(Tests.SmokeTest)" classname="Tests.SmokeTest" time="11.282"/>
  <testcase name="Test_ValidateMyAccountPage on Test_ValidateMyAccountPage(Tests.SmokeTest)" classname="Tests.SmokeTest" time="11.177"/>
  <testcase name="Test_ValidateWomenTshirt on Test_ValidateWomenTshirt(Tests.SmokeTest)" classname="Tests.SmokeTest" time="10.449"/>
</testsuite>