<?xml version="1.0" encoding="UTF-8"?>
<!-- Generated by org.testng.reporters.JUnitXMLReporter -->
<testsuite ignored="0" hostname="Hal9000" failures="0" tests="9" name="Surefire test" time="106.552" errors="0" timestamp="2020-11-03T21:17:31 GMT">
  <testcase classname="Tests.BvtTest" name="Test_ValidateWomenTshirt2 on Test_ValidateWomenTshirt2(Tests.BvtTest)" time="11.496"/>
  <testcase classname="Tests.BvtTest" name="Test_ValidateMyAccountPage2 on Test_ValidateMyAccountPage2(Tests.BvtTest)" time="28.896"/>
  <testcase classname="Tests.BvtTest" name="Test_CheckAccountButtonUserDetails2 on Test_CheckAccountButtonUserDetails2(Tests.BvtTest)" time="39.979"/>
  <testcase classname="Tests.LandingPageRegressionTest" name="Test_ValidateWomenTshirt2 on Test_ValidateWomenTshirt2(Tests.LandingPageRegressionTest)" time="10.644"/>
  <testcase classname="Tests.LandingPageRegressionTest" name="Test_ValidateMyAccountPage2 on Test_ValidateMyAccountPage2(Tests.LandingPageRegressionTest)" time="21.668"/>
  <testcase classname="Tests.LandingPageRegressionTest" name="Test_CheckAccountButtonUserDetails2 on Test_CheckAccountButtonUserDetails2(Tests.LandingPageRegressionTest)" time="33.635"/>
  <testcase classname="Tests.SmokeTest" name="Test_CheckAccountButtonUserDetails on Test_CheckAccountButtonUserDetails(Tests.SmokeTest)" time="11.282"/>
  <testcase classname="Tests.SmokeTest" name="Test_ValidateMyAccountPage on Test_ValidateMyAccountPage(Tests.SmokeTest)" time="22.459"/>
  <testcase classname="Tests.SmokeTest" name="Test_ValidateWomenTshirt on Test_ValidateWomenTshirt(Tests.SmokeTest)" time="32.908"/>
</testsuite> <!-- Surefire test -->
